<<<<<<< HEAD
19/04/2014 09:59:54: System.NullReferenceException: Object reference not set to an instance of an object.
   at GoldTree.HabboHotel.Game.ContinueLoading() in c:\Users\Bustanity\Documents\GitHub\Gold-Tree-Emulator-3\Gold Tree Emulator 3.0\HabboHotel\Game.cs:line 162
   at GoldTree.GoldTree.Destroy(String string_8, Boolean ExitWhenDone) in c:\Users\Bustanity\Documents\GitHub\Gold-Tree-Emulator-3\Gold Tree Emulator 3.0\GoldTree.cs:line 774
   at GoldTree.Program.smethod_1(CtrlType enum0_0) in c:\Users\Bustanity\Documents\GitHub\Gold-Tree-Emulator-3\Gold Tree Emulator 3.0\Program.cs:line 88
   at GoldTree.Program.Wait() in c:\Users\Bustanity\Documents\GitHub\Gold-Tree-Emulator-3\Gold Tree Emulator 3.0\Program.cs:line 162
   at GoldTree.Program.Main(String[] args) in c:\Users\Bustanity\Documents\GitHub\Gold-Tree-Emulator-3\Gold Tree Emulator 3.0\Program.cs:line 72
   at System.AppDomain._nExecuteAssembly(RuntimeAssembly assembly, String[] args)
   at System.AppDomain.ExecuteAssembly(String assemblyFile, Evidence assemblySecurity, String[] args)
   at Microsoft.VisualStudio.HostingProcess.HostProc.RunUsersAssembly()
   at System.Threading.ThreadHelper.ThreadStart_Context(Object state)
   at System.Threading.ExecutionContext.RunInternal(ExecutionContext executionContext, ContextCallback callback, Object state, Boolean preserveSyncCtx)
   at System.Threading.ExecutionContext.Run(ExecutionContext executionContext, ContextCallback callback, Object state, Boolean preserveSyncCtx)
   at System.Threading.ExecutionContext.Run(ExecutionContext executionContext, ContextCallback callback, Object state)
   at System.Threading.ThreadHelper.ThreadStart()
=======
19.4.2014 8:08:21: System.NullReferenceException: Object reference not set to an instance of an object.
   at GoldTree.HabboHotel.Items.Interactors.InteractorFreezeTile.FreezeUser(RoomItem Item, RoomItem Item2) in c:\Users\Administrator\Gold-Tree-Emulator-3\Gold Tree Emulator 3.0\HabboHotel\Items\Interactors\InteractorFreezeTile.cs:line 188
   at GoldTree.HabboHotel.Items.Interactors.InteractorFreezeTile.<OnTrigger>d__0.MoveNext() in c:\Users\Administrator\Gold-Tree-Emulator-3\Gold Tree Emulator 3.0\HabboHotel\Items\Interactors\InteractorFreezeTile.cs:line 88
--- End of stack trace from previous location where exception was thrown ---
   at System.Runtime.CompilerServices.AsyncMethodBuilderCore.<ThrowAsync>b__1(Object state)
   at System.Threading.ExecutionContext.RunInternal(ExecutionContext executionContext, ContextCallback callback, Object state, Boolean preserveSyncCtx)
   at System.Threading.ExecutionContext.Run(ExecutionContext executionContext, ContextCallback callback, Object state, Boolean preserveSyncCtx)
   at System.Threading.QueueUserWorkItemCallback.System.Threading.IThreadPoolWorkItem.ExecuteWorkItem()
   at System.Threading.ThreadPoolWorkQueue.Dispatch()

19.4.2014 8:09:40: System.NullReferenceException: Object reference not set to an instance of an object.
   at GoldTree.HabboHotel.Items.Interactors.InteractorFreezeTile.FreezeUser(RoomItem Item, RoomItem Item2) in c:\Users\Administrator\Gold-Tree-Emulator-3\Gold Tree Emulator 3.0\HabboHotel\Items\Interactors\InteractorFreezeTile.cs:line 188
   at GoldTree.HabboHotel.Items.Interactors.InteractorFreezeTile.<OnTrigger>d__0.MoveNext() in c:\Users\Administrator\Gold-Tree-Emulator-3\Gold Tree Emulator 3.0\HabboHotel\Items\Interactors\InteractorFreezeTile.cs:line 88
--- End of stack trace from previous location where exception was thrown ---
   at System.Runtime.CompilerServices.AsyncMethodBuilderCore.<ThrowAsync>b__1(Object state)
   at System.Threading.ExecutionContext.RunInternal(ExecutionContext executionContext, ContextCallback callback, Object state, Boolean preserveSyncCtx)
   at System.Threading.ExecutionContext.Run(ExecutionContext executionContext, ContextCallback callback, Object state, Boolean preserveSyncCtx)
   at System.Threading.QueueUserWorkItemCallback.System.Threading.IThreadPoolWorkItem.ExecuteWorkItem()
   at System.Threading.ThreadPoolWorkQueue.Dispatch()
>>>>>>> 45085f68997fc4c725ee5dcd638f0762caa7f0c0

