2. 2. 2014 16.39.54: Error: System.FormatException: Merkkijonoa ei tunnistettu kelvolliseksi DateTime-arvoksi.
   kohteessa System.DateTime.ParseExact(String s, String format, IFormatProvider provider)
   kohteessa GoldTree.HabboHotel.Users.Habbo.CheckHappyHourAchievements() tiedostossa c:\Users\Joni\Gold-Tree-Emulator\Gold Tree Emulator 3.0\HabboHotel\Users\Habbo.cs:rivill? 1157
   kohteessa GoldTree.HabboHotel.GameClients.GameClient.method_6(String string_0) tiedostossa c:\Users\Joni\Gold-Tree-Emulator\Gold Tree Emulator 3.0\HabboHotel\GameClients\GameClient.cs:rivill? 227
   kohteessa GoldTree.Communication.Messages.Handshake.SSOTicketMessageEvent.Handle(GameClient Session, ClientMessage Event) tiedostossa c:\Users\Joni\Gold-Tree-Emulator\Gold Tree Emulator 3.0\Communication\Messages\Handshake\SSOTicketMessageEvent.cs:rivill? 14
   kohteessa GoldTree.HabboHotel.GameClients.GameClient.method_13(Byte[]& byte_0) tiedostossa c:\Users\Joni\Gold-Tree-Emulator\Gold Tree Emulator 3.0\HabboHotel\GameClients\GameClient.cs:rivill? 423

2. 2. 2014 16.39.57: Error: System.FormatException: Merkkijonoa ei tunnistettu kelvolliseksi DateTime-arvoksi.
   kohteessa System.DateTime.ParseExact(String s, String format, IFormatProvider provider)
   kohteessa GoldTree.HabboHotel.Users.Habbo.CheckHappyHourAchievements() tiedostossa c:\Users\Joni\Gold-Tree-Emulator\Gold Tree Emulator 3.0\HabboHotel\Users\Habbo.cs:rivill? 1157
   kohteessa GoldTree.HabboHotel.GameClients.GameClient.method_6(String string_0) tiedostossa c:\Users\Joni\Gold-Tree-Emulator\Gold Tree Emulator 3.0\HabboHotel\GameClients\GameClient.cs:rivill? 227
   kohteessa GoldTree.Communication.Messages.Handshake.SSOTicketMessageEvent.Handle(GameClient Session, ClientMessage Event) tiedostossa c:\Users\Joni\Gold-Tree-Emulator\Gold Tree Emulator 3.0\Communication\Messages\Handshake\SSOTicketMessageEvent.cs:rivill? 14
   kohteessa GoldTree.HabboHotel.GameClients.GameClient.method_13(Byte[]& byte_0) tiedostossa c:\Users\Joni\Gold-Tree-Emulator\Gold Tree Emulator 3.0\HabboHotel\GameClients\GameClient.cs:rivill? 423

2. 2. 2014 16.40.01: Error: System.FormatException: Merkkijonoa ei tunnistettu kelvolliseksi DateTime-arvoksi.
   kohteessa System.DateTime.ParseExact(String s, String format, IFormatProvider provider)
   kohteessa GoldTree.HabboHotel.Users.Habbo.CheckHappyHourAchievements() tiedostossa c:\Users\Joni\Gold-Tree-Emulator\Gold Tree Emulator 3.0\HabboHotel\Users\Habbo.cs:rivill? 1157
   kohteessa GoldTree.HabboHotel.GameClients.GameClient.method_6(String string_0) tiedostossa c:\Users\Joni\Gold-Tree-Emulator\Gold Tree Emulator 3.0\HabboHotel\GameClients\GameClient.cs:rivill? 227
   kohteessa GoldTree.Communication.Messages.Handshake.SSOTicketMessageEvent.Handle(GameClient Session, ClientMessage Event) tiedostossa c:\Users\Joni\Gold-Tree-Emulator\Gold Tree Emulator 3.0\Communication\Messages\Handshake\SSOTicketMessageEvent.cs:rivill? 14
   kohteessa GoldTree.HabboHotel.GameClients.GameClient.method_13(Byte[]& byte_0) tiedostossa c:\Users\Joni\Gold-Tree-Emulator\Gold Tree Emulator 3.0\HabboHotel\GameClients\GameClient.cs:rivill? 423

2. 2. 2014 16.40.04: Error: System.FormatException: Merkkijonoa ei tunnistettu kelvolliseksi DateTime-arvoksi.
   kohteessa System.DateTime.ParseExact(String s, String format, IFormatProvider provider)
   kohteessa GoldTree.HabboHotel.Users.Habbo.CheckHappyHourAchievements() tiedostossa c:\Users\Joni\Gold-Tree-Emulator\Gold Tree Emulator 3.0\HabboHotel\Users\Habbo.cs:rivill? 1157
   kohteessa GoldTree.HabboHotel.GameClients.GameClient.method_6(String string_0) tiedostossa c:\Users\Joni\Gold-Tree-Emulator\Gold Tree Emulator 3.0\HabboHotel\GameClients\GameClient.cs:rivill? 227
   kohteessa GoldTree.Communication.Messages.Handshake.SSOTicketMessageEvent.Handle(GameClient Session, ClientMessage Event) tiedostossa c:\Users\Joni\Gold-Tree-Emulator\Gold Tree Emulator 3.0\Communication\Messages\Handshake\SSOTicketMessageEvent.cs:rivill? 14
   kohteessa GoldTree.HabboHotel.GameClients.GameClient.method_13(Byte[]& byte_0) tiedostossa c:\Users\Joni\Gold-Tree-Emulator\Gold Tree Emulator 3.0\HabboHotel\GameClients\GameClient.cs:rivill? 423

2. 2. 2014 16.40.08: Error: System.FormatException: Merkkijonoa ei tunnistettu kelvolliseksi DateTime-arvoksi.
   kohteessa System.DateTime.ParseExact(String s, String format, IFormatProvider provider)
   kohteessa GoldTree.HabboHotel.Users.Habbo.CheckHappyHourAchievements() tiedostossa c:\Users\Joni\Gold-Tree-Emulator\Gold Tree Emulator 3.0\HabboHotel\Users\Habbo.cs:rivill? 1157
   kohteessa GoldTree.HabboHotel.GameClients.GameClient.method_6(String string_0) tiedostossa c:\Users\Joni\Gold-Tree-Emulator\Gold Tree Emulator 3.0\HabboHotel\GameClients\GameClient.cs:rivill? 227
   kohteessa GoldTree.Communication.Messages.Handshake.SSOTicketMessageEvent.Handle(GameClient Session, ClientMessage Event) tiedostossa c:\Users\Joni\Gold-Tree-Emulator\Gold Tree Emulator 3.0\Communication\Messages\Handshake\SSOTicketMessageEvent.cs:rivill? 14
   kohteessa GoldTree.HabboHotel.GameClients.GameClient.method_13(Byte[]& byte_0) tiedostossa c:\Users\Joni\Gold-Tree-Emulator\Gold Tree Emulator 3.0\HabboHotel\GameClients\GameClient.cs:rivill? 423

2. 2. 2014 16.40.11: Error: System.FormatException: Merkkijonoa ei tunnistettu kelvolliseksi DateTime-arvoksi.
   kohteessa System.DateTime.ParseExact(String s, String format, IFormatProvider provider)
   kohteessa GoldTree.HabboHotel.Users.Habbo.CheckHappyHourAchievements() tiedostossa c:\Users\Joni\Gold-Tree-Emulator\Gold Tree Emulator 3.0\HabboHotel\Users\Habbo.cs:rivill? 1157
   kohteessa GoldTree.HabboHotel.GameClients.GameClient.method_6(String string_0) tiedostossa c:\Users\Joni\Gold-Tree-Emulator\Gold Tree Emulator 3.0\HabboHotel\GameClients\GameClient.cs:rivill? 227
   kohteessa GoldTree.Communication.Messages.Handshake.SSOTicketMessageEvent.Handle(GameClient Session, ClientMessage Event) tiedostossa c:\Users\Joni\Gold-Tree-Emulator\Gold Tree Emulator 3.0\Communication\Messages\Handshake\SSOTicketMessageEvent.cs:rivill? 14
   kohteessa GoldTree.HabboHotel.GameClients.GameClient.method_13(Byte[]& byte_0) tiedostossa c:\Users\Joni\Gold-Tree-Emulator\Gold Tree Emulator 3.0\HabboHotel\GameClients\GameClient.cs:rivill? 423

2. 2. 2014 16.40.15: Error: System.FormatException: Merkkijonoa ei tunnistettu kelvolliseksi DateTime-arvoksi.
   kohteessa System.DateTime.ParseExact(String s, String format, IFormatProvider provider)
   kohteessa GoldTree.HabboHotel.Users.Habbo.CheckHappyHourAchievements() tiedostossa c:\Users\Joni\Gold-Tree-Emulator\Gold Tree Emulator 3.0\HabboHotel\Users\Habbo.cs:rivill? 1157
   kohteessa GoldTree.HabboHotel.GameClients.GameClient.method_6(String string_0) tiedostossa c:\Users\Joni\Gold-Tree-Emulator\Gold Tree Emulator 3.0\HabboHotel\GameClients\GameClient.cs:rivill? 227
   kohteessa GoldTree.Communication.Messages.Handshake.SSOTicketMessageEvent.Handle(GameClient Session, ClientMessage Event) tiedostossa c:\Users\Joni\Gold-Tree-Emulator\Gold Tree Emulator 3.0\Communication\Messages\Handshake\SSOTicketMessageEvent.cs:rivill? 14
   kohteessa GoldTree.HabboHotel.GameClients.GameClient.method_13(Byte[]& byte_0) tiedostossa c:\Users\Joni\Gold-Tree-Emulator\Gold Tree Emulator 3.0\HabboHotel\GameClients\GameClient.cs:rivill? 423

2. 2. 2014 16.40.18: Error: System.FormatException: Merkkijonoa ei tunnistettu kelvolliseksi DateTime-arvoksi.
   kohteessa System.DateTime.ParseExact(String s, String format, IFormatProvider provider)
   kohteessa GoldTree.HabboHotel.Users.Habbo.CheckHappyHourAchievements() tiedostossa c:\Users\Joni\Gold-Tree-Emulator\Gold Tree Emulator 3.0\HabboHotel\Users\Habbo.cs:rivill? 1157
   kohteessa GoldTree.HabboHotel.GameClients.GameClient.method_6(String string_0) tiedostossa c:\Users\Joni\Gold-Tree-Emulator\Gold Tree Emulator 3.0\HabboHotel\GameClients\GameClient.cs:rivill? 227
   kohteessa GoldTree.Communication.Messages.Handshake.SSOTicketMessageEvent.Handle(GameClient Session, ClientMessage Event) tiedostossa c:\Users\Joni\Gold-Tree-Emulator\Gold Tree Emulator 3.0\Communication\Messages\Handshake\SSOTicketMessageEvent.cs:rivill? 14
   kohteessa GoldTree.HabboHotel.GameClients.GameClient.method_13(Byte[]& byte_0) tiedostossa c:\Users\Joni\Gold-Tree-Emulator\Gold Tree Emulator 3.0\HabboHotel\GameClients\GameClient.cs:rivill? 423

2. 2. 2014 16.40.22: Error: System.FormatException: Merkkijonoa ei tunnistettu kelvolliseksi DateTime-arvoksi.
   kohteessa System.DateTime.ParseExact(String s, String format, IFormatProvider provider)
   kohteessa GoldTree.HabboHotel.Users.Habbo.CheckHappyHourAchievements() tiedostossa c:\Users\Joni\Gold-Tree-Emulator\Gold Tree Emulator 3.0\HabboHotel\Users\Habbo.cs:rivill? 1157
   kohteessa GoldTree.HabboHotel.GameClients.GameClient.method_6(String string_0) tiedostossa c:\Users\Joni\Gold-Tree-Emulator\Gold Tree Emulator 3.0\HabboHotel\GameClients\GameClient.cs:rivill? 227
   kohteessa GoldTree.Communication.Messages.Handshake.SSOTicketMessageEvent.Handle(GameClient Session, ClientMessage Event) tiedostossa c:\Users\Joni\Gold-Tree-Emulator\Gold Tree Emulator 3.0\Communication\Messages\Handshake\SSOTicketMessageEvent.cs:rivill? 14
   kohteessa GoldTree.HabboHotel.GameClients.GameClient.method_13(Byte[]& byte_0) tiedostossa c:\Users\Joni\Gold-Tree-Emulator\Gold Tree Emulator 3.0\HabboHotel\GameClients\GameClient.cs:rivill? 423

2. 2. 2014 16.40.25: Error: System.FormatException: Merkkijonoa ei tunnistettu kelvolliseksi DateTime-arvoksi.
   kohteessa System.DateTime.ParseExact(String s, String format, IFormatProvider provider)
   kohteessa GoldTree.HabboHotel.Users.Habbo.CheckHappyHourAchievements() tiedostossa c:\Users\Joni\Gold-Tree-Emulator\Gold Tree Emulator 3.0\HabboHotel\Users\Habbo.cs:rivill? 1157
   kohteessa GoldTree.HabboHotel.GameClients.GameClient.method_6(String string_0) tiedostossa c:\Users\Joni\Gold-Tree-Emulator\Gold Tree Emulator 3.0\HabboHotel\GameClients\GameClient.cs:rivill? 227
   kohteessa GoldTree.Communication.Messages.Handshake.SSOTicketMessageEvent.Handle(GameClient Session, ClientMessage Event) tiedostossa c:\Users\Joni\Gold-Tree-Emulator\Gold Tree Emulator 3.0\Communication\Messages\Handshake\SSOTicketMessageEvent.cs:rivill? 14
   kohteessa GoldTree.HabboHotel.GameClients.GameClient.method_13(Byte[]& byte_0) tiedostossa c:\Users\Joni\Gold-Tree-Emulator\Gold Tree Emulator 3.0\HabboHotel\GameClients\GameClient.cs:rivill? 423

2. 2. 2014 16.40.29: Error: System.FormatException: Merkkijonoa ei tunnistettu kelvolliseksi DateTime-arvoksi.
   kohteessa System.DateTime.ParseExact(String s, String format, IFormatProvider provider)
   kohteessa GoldTree.HabboHotel.Users.Habbo.CheckHappyHourAchievements() tiedostossa c:\Users\Joni\Gold-Tree-Emulator\Gold Tree Emulator 3.0\HabboHotel\Users\Habbo.cs:rivill? 1157
   kohteessa GoldTree.HabboHotel.GameClients.GameClient.method_6(String string_0) tiedostossa c:\Users\Joni\Gold-Tree-Emulator\Gold Tree Emulator 3.0\HabboHotel\GameClients\GameClient.cs:rivill? 227
   kohteessa GoldTree.Communication.Messages.Handshake.SSOTicketMessageEvent.Handle(GameClient Session, ClientMessage Event) tiedostossa c:\Users\Joni\Gold-Tree-Emulator\Gold Tree Emulator 3.0\Communication\Messages\Handshake\SSOTicketMessageEvent.cs:rivill? 14
   kohteessa GoldTree.HabboHotel.GameClients.GameClient.method_13(Byte[]& byte_0) tiedostossa c:\Users\Joni\Gold-Tree-Emulator\Gold Tree Emulator 3.0\HabboHotel\GameClients\GameClient.cs:rivill? 423

2. 2. 2014 16.40.33: Error: System.FormatException: Merkkijonoa ei tunnistettu kelvolliseksi DateTime-arvoksi.
   kohteessa System.DateTime.ParseExact(String s, String format, IFormatProvider provider)
   kohteessa GoldTree.HabboHotel.Users.Habbo.CheckHappyHourAchievements() tiedostossa c:\Users\Joni\Gold-Tree-Emulator\Gold Tree Emulator 3.0\HabboHotel\Users\Habbo.cs:rivill? 1157
   kohteessa GoldTree.HabboHotel.GameClients.GameClient.method_6(String string_0) tiedostossa c:\Users\Joni\Gold-Tree-Emulator\Gold Tree Emulator 3.0\HabboHotel\GameClients\GameClient.cs:rivill? 227
   kohteessa GoldTree.Communication.Messages.Handshake.SSOTicketMessageEvent.Handle(GameClient Session, ClientMessage Event) tiedostossa c:\Users\Joni\Gold-Tree-Emulator\Gold Tree Emulator 3.0\Communication\Messages\Handshake\SSOTicketMessageEvent.cs:rivill? 14
   kohteessa GoldTree.HabboHotel.GameClients.GameClient.method_13(Byte[]& byte_0) tiedostossa c:\Users\Joni\Gold-Tree-Emulator\Gold Tree Emulator 3.0\HabboHotel\GameClients\GameClient.cs:rivill? 423

2. 2. 2014 16.40.36: Error: System.FormatException: Merkkijonoa ei tunnistettu kelvolliseksi DateTime-arvoksi.
   kohteessa System.DateTime.ParseExact(String s, String format, IFormatProvider provider)
   kohteessa GoldTree.HabboHotel.Users.Habbo.CheckHappyHourAchievements() tiedostossa c:\Users\Joni\Gold-Tree-Emulator\Gold Tree Emulator 3.0\HabboHotel\Users\Habbo.cs:rivill? 1157
   kohteessa GoldTree.HabboHotel.GameClients.GameClient.method_6(String string_0) tiedostossa c:\Users\Joni\Gold-Tree-Emulator\Gold Tree Emulator 3.0\HabboHotel\GameClients\GameClient.cs:rivill? 227
   kohteessa GoldTree.Communication.Messages.Handshake.SSOTicketMessageEvent.Handle(GameClient Session, ClientMessage Event) tiedostossa c:\Users\Joni\Gold-Tree-Emulator\Gold Tree Emulator 3.0\Communication\Messages\Handshake\SSOTicketMessageEvent.cs:rivill? 14
   kohteessa GoldTree.HabboHotel.GameClients.GameClient.method_13(Byte[]& byte_0) tiedostossa c:\Users\Joni\Gold-Tree-Emulator\Gold Tree Emulator 3.0\HabboHotel\GameClients\GameClient.cs:rivill? 423

2. 2. 2014 16.40.40: Error: System.FormatException: Merkkijonoa ei tunnistettu kelvolliseksi DateTime-arvoksi.
   kohteessa System.DateTime.ParseExact(String s, String format, IFormatProvider provider)
   kohteessa GoldTree.HabboHotel.Users.Habbo.CheckHappyHourAchievements() tiedostossa c:\Users\Joni\Gold-Tree-Emulator\Gold Tree Emulator 3.0\HabboHotel\Users\Habbo.cs:rivill? 1157
   kohteessa GoldTree.HabboHotel.GameClients.GameClient.method_6(String string_0) tiedostossa c:\Users\Joni\Gold-Tree-Emulator\Gold Tree Emulator 3.0\HabboHotel\GameClients\GameClient.cs:rivill? 227
   kohteessa GoldTree.Communication.Messages.Handshake.SSOTicketMessageEvent.Handle(GameClient Session, ClientMessage Event) tiedostossa c:\Users\Joni\Gold-Tree-Emulator\Gold Tree Emulator 3.0\Communication\Messages\Handshake\SSOTicketMessageEvent.cs:rivill? 14
   kohteessa GoldTree.HabboHotel.GameClients.GameClient.method_13(Byte[]& byte_0) tiedostossa c:\Users\Joni\Gold-Tree-Emulator\Gold Tree Emulator 3.0\HabboHotel\GameClients\GameClient.cs:rivill? 423

2. 2. 2014 16.40.43: Error: System.FormatException: Merkkijonoa ei tunnistettu kelvolliseksi DateTime-arvoksi.
   kohteessa System.DateTime.ParseExact(String s, String format, IFormatProvider provider)
   kohteessa GoldTree.HabboHotel.Users.Habbo.CheckHappyHourAchievements() tiedostossa c:\Users\Joni\Gold-Tree-Emulator\Gold Tree Emulator 3.0\HabboHotel\Users\Habbo.cs:rivill? 1157
   kohteessa GoldTree.HabboHotel.GameClients.GameClient.method_6(String string_0) tiedostossa c:\Users\Joni\Gold-Tree-Emulator\Gold Tree Emulator 3.0\HabboHotel\GameClients\GameClient.cs:rivill? 227
   kohteessa GoldTree.Communication.Messages.Handshake.SSOTicketMessageEvent.Handle(GameClient Session, ClientMessage Event) tiedostossa c:\Users\Joni\Gold-Tree-Emulator\Gold Tree Emulator 3.0\Communication\Messages\Handshake\SSOTicketMessageEvent.cs:rivill? 14
   kohteessa GoldTree.HabboHotel.GameClients.GameClient.method_13(Byte[]& byte_0) tiedostossa c:\Users\Joni\Gold-Tree-Emulator\Gold Tree Emulator 3.0\HabboHotel\GameClients\GameClient.cs:rivill? 423

